<?xml version="1.0" encoding="UTF-8"?>
<!-- Generated by org.testng.reporters.JUnitReportReporter -->
<testsuite hostname="LATAM-4T61GG3" failures="0" tests="2" name="SelfStudyAcademy.SeleniumFrameworkDesign.ErrorValidationsTest" time="20.416" errors="0" timestamp="2024-04-04T11:27:48 COT" skipped="0">
  <testcase classname="SelfStudyAcademy.SeleniumFrameworkDesign.ErrorValidationsTest" name="failedLogin" time="7.445"/>
  <system-out/>
  <testcase classname="SelfStudyAcademy.SeleniumFrameworkDesign.ErrorValidationsTest" name="FailedOrder" time="12.971"/>
  <system-out/>
</testsuite> <!-- SelfStudyAcademy.SeleniumFrameworkDesign.ErrorValidationsTest -->
