<?xml version="1.0" encoding="UTF-8"?>
<!-- Generated by org.testng.reporters.JUnitReportReporter -->
<testsuite hostname="LATAM-4T61GG3" failures="0" tests="2" name="SelfStudyAcademy.SeleniumFrameworkDesign.ErrorValidations" time="19.328" errors="0" timestamp="2024-03-19T15:58:20 COT" skipped="0">
  <testcase classname="SelfStudyAcademy.SeleniumFrameworkDesign.ErrorValidations" name="FailedOrder" time="11.127"/>
  <system-out/>
  <testcase classname="SelfStudyAcademy.SeleniumFrameworkDesign.ErrorValidations" name="failedLogin" time="8.201"/>
  <system-out/>
</testsuite> <!-- SelfStudyAcademy.SeleniumFrameworkDesign.ErrorValidations -->
