<?xml version="1.0" encoding="UTF-8"?>
<!-- Generated by org.testng.reporters.JUnitReportReporter -->
<testsuite hostname="LATAM-4T61GG3" failures="0" tests="2" name="SelfStudyAcademy.Cucumber.TestNGTestRunner" time="21.870" errors="0" timestamp="2024-04-17T15:55:33 COT" skipped="0">
  <testcase classname="SelfStudyAcademy.Cucumber.TestNGTestRunner" name="runScenario" time="13.518"/>
  <system-out/>
  <testcase classname="SelfStudyAcademy.Cucumber.TestNGTestRunner" name="runScenario" time="8.352"/>
  <system-out/>
</testsuite> <!-- SelfStudyAcademy.Cucumber.TestNGTestRunner -->
