<?xml version="1.0" encoding="UTF-8"?>
<!-- Generated by org.testng.reporters.JUnitReportReporter -->
<testsuite hostname="LATAM-4T61GG3" failures="0" tests="3" name="SelfStudyAcademy.SeleniumFrameworkDesign.SubmitOrderTest" time="32.815" errors="0" timestamp="2024-04-04T11:27:48 COT" skipped="0">
  <testcase classname="SelfStudyAcademy.SeleniumFrameworkDesign.SubmitOrderTest" name="submitOder" time="13.496"/>
  <system-out/>
  <testcase classname="SelfStudyAcademy.SeleniumFrameworkDesign.SubmitOrderTest" name="submitOder" time="12.561"/>
  <system-out/>
  <testcase classname="SelfStudyAcademy.SeleniumFrameworkDesign.SubmitOrderTest" name="orderHistory" time="6.758"/>
  <system-out/>
</testsuite> <!-- SelfStudyAcademy.SeleniumFrameworkDesign.SubmitOrderTest -->
