<?xml version="1.0" encoding="UTF-8"?>
<!-- Generated by org.testng.reporters.JUnitReportReporter -->
<testsuite hostname="LATAM-4T61GG3" failures="0" tests="3" name="SelfStudyAcademy.SeleniumFrameworkDesign.SubmitOrderTest" time="35.722" errors="0" timestamp="2024-04-17T15:56:13 COT" skipped="0">
  <testcase classname="SelfStudyAcademy.SeleniumFrameworkDesign.SubmitOrderTest" name="orderHistory" time="9.309"/>
  <system-out/>
  <testcase classname="SelfStudyAcademy.SeleniumFrameworkDesign.SubmitOrderTest" name="submitOder" time="13.232"/>
  <system-out/>
  <testcase classname="SelfStudyAcademy.SeleniumFrameworkDesign.SubmitOrderTest" name="submitOder" time="13.181"/>
  <system-out/>
</testsuite> <!-- SelfStudyAcademy.SeleniumFrameworkDesign.SubmitOrderTest -->
